[demos.webicode.com/html/ico-chain/html/index-1.html]
[backblue.gif]
[fade.gif]
[index.html]
[demos.webicode.com/html/ico-chain/html/css/bootstrap.min.css]
[demos.webicode.com/html/ico-chain/html/css/main.css]
[demos.webicode.com/html/ico-chain/html/css/style.css]
[demos.webicode.com/html/ico-chain/html/css/responsive.css]
[demos.webicode.com/html/ico-chain/html/fonts/flaticon.css]
[external.html]
[demos.webicode.com/html/ico-chain/html/js/modernizr.js]
[use.fontawesome.com/releases/v5.0.8/css/all.css]
[demos.webicode.com/html/ico-chain/html/index.html]
[demos.webicode.com/html/ico-chain/html/images/logo.png]
[demos.webicode.com/html/ico-chain/html/images/chain-img.png]
[demos.webicode.com/html/ico-chain/html/images/team-img-1.jpg]
[demos.webicode.com/html/ico-chain/html/images/team-img-2.jpg]
[demos.webicode.com/html/ico-chain/html/images/team-img-3.jpg]
[demos.webicode.com/html/ico-chain/html/images/team-img-4.jpg]
[demos.webicode.com/html/ico-chain/html/images/team-img-5.jpg]
[demos.webicode.com/html/ico-chain/html/images/team-img-6.jpg]
[demos.webicode.com/html/ico-chain/html/images/team-img-7.jpg]
[demos.webicode.com/html/ico-chain/html/images/team-img-8.jpg]
[demos.webicode.com/html/ico-chain/html/images/team-img-9.jpg]
[demos.webicode.com/html/ico-chain/html/images/team-img-10.jpg]
[demos.webicode.com/html/ico-chain/html/images/c-mg-1.png]
[demos.webicode.com/html/ico-chain/html/images/c-mg-2.png]
[demos.webicode.com/html/ico-chain/html/images/c-mg-3.png]
[demos.webicode.com/html/ico-chain/html/js/jquery-1.11.3.min.js]
[demos.webicode.com/html/ico-chain/html/js/bootstrap.min.js]
[demos.webicode.com/html/ico-chain/html/js/particles.min.js]
[demos.webicode.com/html/ico-chain/html/js/jquery.counterup.min.js]
[demos.webicode.com/html/ico-chain/html/js/jquery.sticky.js]
[demos.webicode.com/html/ico-chain/html/js/jquery.magnific-popup.min.js]
[demos.webicode.com/html/ico-chain/html/index-1.html]
[demos.webicode.com/html/ico-chain/html/css/bootstrap.min.css]
[demos.webicode.com/html/ico-chain/html/css/main.css]
[demos.webicode.com/html/ico-chain/html/js/main.js]
[demos.webicode.com/html/ico-chain/html/images/ico-tech.jpg]
[demos.webicode.com/html/ico-chain/html/images/history-img.jpg]
[demos.webicode.com/html/ico-chain/html/images/com-bg.jpg]
[demos.webicode.com/html/ico-chain/html/css/style.css]
[demos.webicode.com/html/ico-chain/html/css/responsive.css]
[demos.webicode.com/html/ico-chain/html/fonts/Flaticon.eot]
[demos.webicode.com/html/ico-chain/html/fonts/Flaticond41d.eot]
[demos.webicode.com/html/ico-chain/html/fonts/Flaticon.woff]
[demos.webicode.com/html/ico-chain/html/fonts/Flaticon.ttf]
[demos.webicode.com/html/ico-chain/html/fonts/flaticon.css]
[use.fontawesome.com/releases/v5.0.8/css/all.css]
[demos.webicode.com/html/ico-chain/html/fonts/Flaticon.svg]
[demos.webicode.com/html/ico-chain/html/index.html]
[demos.webicode.com/html/ico-chain/html/fonts/Flaticon.svg]
[demos.webicode.com/html/ico-chain/html/css/ionicons.min.css]
[demos.webicode.com/html/ico-chain/html/fonts/ionicons28b5.eot]
[demos.webicode.com/html/ico-chain/html/fonts/ionicons28b5.ttf]
[demos.webicode.com/html/ico-chain/html/fonts/ionicons28b5.woff]
[demos.webicode.com/html/ico-chain/html/css/ionicons.min.css]
[demos.webicode.com/html/ico-chain/html/fonts/ionicons28b5.svg]
[demos.webicode.com/html/ico-chain/html/fonts/ionicons28b5.svg]
